<?xml version="1.0" encoding="UTF-8"?>
<!-- Generated by org.testng.reporters.JUnitReportReporter -->
<testsuite hostname="DESKTOP-FKH366F" failures="0" tests="1" name="com.qa.tests.PostAPITest" time="1.654" errors="0" timestamp="09 Apr 2018 21:04:23 GMT" skipped="0">
  <testcase classname="com.qa.tests.PostAPITest" name="postAPITest" time="1.654"/>
</testsuite> <!-- com.qa.tests.PostAPITest -->
