<?xml version="1.0" encoding="UTF-8"?>
<!-- Generated by org.testng.reporters.JUnitReportReporter -->
<testsuite hostname="DESKTOP-FKH366F" failures="0" tests="2" name="com.qa.tests.GetAPITest" time="479.466" errors="0" timestamp="11 Apr 2018 20:12:05 GMT" skipped="1">
  <testcase classname="com.qa.tests.GetAPITest" name="getAPITestWithHeaders" time="479.466"/>
  <testcase classname="com.qa.tests.GetAPITest" name="getAPITestwithoutHeaders">
    <skipped/>
  </testcase> <!-- getAPITestwithoutHeaders -->
</testsuite> <!-- com.qa.tests.GetAPITest -->
